[05:51:54] [main/INFO] ========================================
[05:51:54] [main/INFO] Minecraft: 1.21.4
[05:51:54] [main/INFO] Side: server
[05:51:54] [main/INFO] Development: false
[05:51:54] [main/INFO] Version: 18.0.798
[05:51:54] [main/INFO] Loader:
[05:51:54] [main/INFO] - Fabric: 0.16.13
[05:51:54] [main/INFO] - Fabric API: 0.119.2+1.21.4
[05:51:54] [main/INFO] Dependencies:
[05:51:54] [main/INFO] - Cloth Config: 17.0.144
[05:51:54] [main/INFO] - Architectury: 15.0.3
[05:51:54] [main/INFO] Mixin: 0.8.7
[05:51:54] [main/INFO] OS: Linux 6.8.0-1021-azure (amd64)
[05:51:54] [main/INFO] Java: 21.0.6 (Ubuntu)
[05:51:54] [main/INFO] ========================================
[05:51:54] [main/INFO] Mods:
[05:51:54] [main/INFO] - amplified_nether: 1.2.7
[05:51:54] [main/INFO] - appleskin: 3.0.6+mc1.21.3
[05:51:54] [main/INFO] - ar_com_hjg_pngj: 2.1.0
[05:51:54] [main/INFO] - architectury: 15.0.3
[05:51:54] [main/INFO] - armor-hud: 8.1.0.0
[05:51:54] [main/INFO] - balm: 21.4.24
[05:51:54] [main/INFO] - betteradvancements: 0.4.6.36
[05:51:54] [main/INFO] - bettervillage: 3.3.0
[05:51:54] [main/INFO] - biolith: 3.2.0
[05:51:54] [main/INFO] - blue_endless_jankson: 1.2.3
[05:51:54] [main/INFO] - bridgingmod: 2.6.2+1.21.3
[05:51:54] [main/INFO] - chunky: 1.4.27
[05:51:54] [main/INFO] - cicada: 0.11.9+1.21.4
[05:51:54] [main/INFO] - cloth-basic-math: 0.6.1
[05:51:54] [main/INFO] - cloth-config: 17.0.144
[05:51:54] [main/INFO] - cloth-config: 17.0.144
[05:51:54] [main/INFO] - clumps: 22.0.0.1
[05:51:54] [main/INFO] - cobweb: 1.3.3
[05:51:54] [main/INFO] - collective: 8.1
[05:51:54] [main/INFO] - com_electronwill_night-config_core: 3.8.1
[05:51:54] [main/INFO] - com_electronwill_night-config_toml: 3.8.1
[05:51:54] [main/INFO] - com_twelvemonkeys_common_common-image: 3.12.0
[05:51:54] [main/INFO] - com_twelvemonkeys_common_common-io: 3.12.0
[05:51:54] [main/INFO] - com_twelvemonkeys_common_common-lang: 3.12.0
[05:51:54] [main/INFO] - com_twelvemonkeys_imageio_imageio-core: 3.12.0
[05:51:54] [main/INFO] - com_twelvemonkeys_imageio_imageio-metadata: 3.12.0
[05:51:54] [main/INFO] - com_twelvemonkeys_imageio_imageio-webp: 3.12.0
[05:51:54] [main/INFO] - common-protection-api: 1.0.0
[05:51:54] [main/INFO] - commonnetworking: 1.0.18-1.21.4
[05:51:54] [main/INFO] - config2brigadier: 2.0.1
[05:51:54] [main/INFO] - crawl: 0.14.5
[05:51:54] [main/INFO] - creativecore: 2.12.35
[05:51:54] [main/INFO] - cristellib: 2.0.2
[05:51:54] [main/INFO] - customizableelytra: 2.2.8
[05:51:54] [main/INFO] - diagonalblocks: 21.4.0
[05:51:54] [main/INFO] - diagonalfences: 21.4.0
[05:51:54] [main/INFO] - do_a_barrel_roll: 3.8.1
[05:51:54] [main/INFO] - durabilitytooltip: 1.1.5
[05:51:54] [main/INFO] - easyanvils: 21.4.1
[05:51:54] [main/INFO] - easyelytratakeoff: 4.5
[05:51:54] [main/INFO] - easymagic: 21.4.1
[05:51:54] [main/INFO] - elytratrims: 4.0.0-alpha.3
[05:51:54] [main/INFO] - error_notifier: 1.0.11
[05:51:54] [main/INFO] - fabric-api: 0.119.2+1.21.4
[05:51:54] [main/INFO] - fabric-api: 0.119.2+1.21.4
[05:51:54] [main/INFO] - fabric-api-base: 0.4.54+b47eab6b04
[05:51:54] [main/INFO] - fabric-api-lookup-api-v1: 1.6.86+b1caf1e904
[05:51:54] [main/INFO] - fabric-biome-api-v1: 15.0.6+b1c29d8e04
[05:51:54] [main/INFO] - fabric-block-api-v1: 1.0.31+7feeb73304
[05:51:54] [main/INFO] - fabric-block-view-api-v2: 1.0.20+9c49cc8c04
[05:51:54] [main/INFO] - fabric-command-api-v1: 1.2.62+f71b366f04
[05:51:54] [main/INFO] - fabric-command-api-v2: 2.2.41+e496eb1504
[05:51:54] [main/INFO] - fabric-commands-v0: 0.2.79+df3654b304
[05:51:54] [main/INFO] - fabric-content-registries-v0: 9.1.19+25d1a67604
[05:51:54] [main/INFO] - fabric-convention-tags-v1: 2.1.20+7f945d5b04
[05:51:54] [main/INFO] - fabric-convention-tags-v2: 2.14.1+1edcd29104
[05:51:54] [main/INFO] - fabric-crash-report-info-v1: 0.3.6+7feeb73304
[05:51:54] [main/INFO] - fabric-data-attachment-api-v1: 1.6.2+e99da0f704
[05:51:54] [main/INFO] - fabric-data-generation-api-v1: 22.3.1+0f4e5f5504
[05:51:54] [main/INFO] - fabric-dimensions-v1: 4.0.10+7feeb73304
[05:51:54] [main/INFO] - fabric-entity-events-v1: 2.0.15+62245bef04
[05:51:54] [main/INFO] - fabric-events-interaction-v0: 4.0.4+a4eebcf004
[05:51:54] [main/INFO] - fabric-game-rule-api-v1: 1.0.63+7d48d43904
[05:51:54] [main/INFO] - fabric-item-api-v1: 11.3.0+ee91fa1f04
[05:51:54] [main/INFO] - fabric-item-group-api-v1: 4.2.2+fcb9601404
[05:51:54] [main/INFO] - fabric-language-kotlin: 1.13.2+kotlin.2.1.20
[05:51:54] [main/INFO] - fabric-lifecycle-events-v1: 2.5.4+bf2a60eb04
[05:51:54] [main/INFO] - fabric-loot-api-v2: 3.0.38+3f89f5a504
[05:51:54] [main/INFO] - fabric-loot-api-v3: 1.0.26+203e6b2304
[05:51:54] [main/INFO] - fabric-message-api-v1: 6.0.25+7feeb73304
[05:51:54] [main/INFO] - fabric-networking-api-v1: 4.4.0+db5e668204
[05:51:54] [main/INFO] - fabric-object-builder-api-v1: 18.0.14+38b0d59804
[05:51:54] [main/INFO] - fabric-particles-v1: 4.0.14+7feeb73304
[05:51:54] [main/INFO] - fabric-permissions-api-v0: 0.3.3
[05:51:54] [main/INFO] - fabric-recipe-api-v1: 8.1.1+640e77ae04
[05:51:54] [main/INFO] - fabric-registry-sync-v0: 6.1.11+4a9c1ece04
[05:51:54] [main/INFO] - fabric-rendering-data-attachment-v1: 0.3.58+73761d2e04
[05:51:54] [main/INFO] - fabric-rendering-fluids-v1: 3.1.19+7feeb73304
[05:51:54] [main/INFO] - fabric-resource-conditions-api-v1: 5.0.13+203e6b2304
[05:51:54] [main/INFO] - fabric-resource-loader-v0: 3.1.1+360374ac04
[05:51:54] [main/INFO] - fabric-screen-handler-api-v1: 1.3.118+7feeb73304
[05:51:54] [main/INFO] - fabric-tag-api-v1: 1.0.7+7d48d43904
[05:51:54] [main/INFO] - fabric-transfer-api-v1: 5.4.9+efa825c904
[05:51:54] [main/INFO] - fabric-transitive-access-wideners-v1: 6.3.2+56e78b9b04
[05:51:54] [main/INFO] - fabricloader: 0.16.13
[05:51:54] [main/INFO] - fabrictailor: 2.6.3
[05:51:54] [main/INFO] - fallingtree: 1.21.4.1
[05:51:54] [main/INFO] - ferritecore: 7.1.1
[05:51:54] [main/INFO] - forgeconfigapiport: 21.4.1
[05:51:54] [main/INFO] - formations: 1.0.3
[05:51:54] [main/INFO] - formationsoverworld: 1.0.4
[05:51:54] [main/INFO] - glitchcore: 2.3.0.4
[05:51:54] [main/INFO] - incendium: 5.4.3
[05:51:54] [main/INFO] - jade: 17.2.2+fabric
[05:51:54] [main/INFO] - jamlib: 1.3.2+1.21.4
[05:51:54] [main/INFO] - java: 21
[05:51:54] [main/INFO] - journeymap: 1.21.4-6.0.0-beta.43
[05:51:54] [main/INFO] - journeymap-api-fabric: 2.0.0-1.21.4-SNAPSHOT
[05:51:54] [main/INFO] - justzoom: 2.1.0
[05:51:54] [main/INFO] - konkrete: 1.9.9
[05:51:54] [main/INFO] - kuma_api: 21.4.6
[05:51:54] [main/INFO] - libraryferret: 4.0.0
[05:51:54] [main/INFO] - lithostitched: 1.4.4
[05:51:54] [main/INFO] - mcwdoors: 1.1.2
[05:51:54] [main/INFO] - mcwpaintings: 1.0.5
[05:51:54] [main/INFO] - mcwpaths: 1.1.0
[05:51:54] [main/INFO] - mcwtrpdoors: 1.1.4
[05:51:54] [main/INFO] - midnightlib: 1.7.0
[05:51:54] [main/INFO] - mine-spawners: 1.5.1
[05:51:54] [main/INFO] - minecraft: 1.21.4
[05:51:54] [main/INFO] - mixinextras: 0.4.1
[05:51:54] [main/INFO] - mixinsquared: 0.1.2-beta.4
[05:51:54] [main/INFO] - modernfix: 5.20.3+mc1.21.4
[05:51:54] [main/INFO] - mr_tidal_towns: 1.3.4
[05:51:54] [main/INFO] - mr_vanilla_backpacks: 1.3.1.1
[05:51:54] [main/INFO] - net_jodah_typetools: 0.6.3
[05:51:54] [main/INFO] - net_neoforged_bus: 7.2.0
[05:51:54] [main/INFO] - notenoughanimations: 1.9.3
[05:51:54] [main/INFO] - org_jetbrains_kotlin_kotlin-reflect: 2.1.20
[05:51:54] [main/INFO] - org_jetbrains_kotlin_kotlin-stdlib: 2.1.20
[05:51:54] [main/INFO] - org_jetbrains_kotlin_kotlin-stdlib-jdk7: 2.1.20
[05:51:54] [main/INFO] - org_jetbrains_kotlin_kotlin-stdlib-jdk8: 2.1.20
[05:51:54] [main/INFO] - org_jetbrains_kotlinx_atomicfu-jvm: 0.27.0
[05:51:54] [main/INFO] - org_jetbrains_kotlinx_kotlinx-coroutines-core-jvm: 1.10.1
[05:51:54] [main/INFO] - org_jetbrains_kotlinx_kotlinx-coroutines-jdk8: 1.10.1
[05:51:54] [main/INFO] - org_jetbrains_kotlinx_kotlinx-datetime-jvm: 0.6.2
[05:51:54] [main/INFO] - org_jetbrains_kotlinx_kotlinx-io-bytestring-jvm: 0.7.0
[05:51:54] [main/INFO] - org_jetbrains_kotlinx_kotlinx-io-core-jvm: 0.7.0
[05:51:54] [main/INFO] - org_jetbrains_kotlinx_kotlinx-serialization-cbor-jvm: 1.8.0
[05:51:54] [main/INFO] - org_jetbrains_kotlinx_kotlinx-serialization-core-jvm: 1.8.0
[05:51:54] [main/INFO] - org_jetbrains_kotlinx_kotlinx-serialization-json-jvm: 1.8.0
[05:51:54] [main/INFO] - org_quiltmc_parsers_gson: 0.2.1
[05:51:54] [main/INFO] - org_quiltmc_parsers_json: 0.2.1
[05:51:54] [main/INFO] - packedup: 1.1.0+a
[05:51:54] [main/INFO] - packet_tweaker: 0.6.0-pre.1+1.21.2-pre3
[05:51:54] [main/INFO] - placeholder-api: 2.5.1+1.21.3
[05:51:54] [main/INFO] - polymer-common: 0.11.0+1.21.4-rc1
[05:51:54] [main/INFO] - polymer-core: 0.11.0+1.21.4-rc1
[05:51:54] [main/INFO] - polymer-networking: 0.11.0+1.21.4-rc1
[05:51:54] [main/INFO] - polymer-registry-sync-manipulator: 0.11.0+1.21.4-rc1
[05:51:54] [main/INFO] - polymer-resource-pack: 0.11.0+1.21.4-rc1
[05:51:54] [main/INFO] - polymer-virtual-entity: 0.11.0+1.21.4-rc1
[05:51:54] [main/INFO] - predicate-api: 0.6.0+1.21.2
[05:51:54] [main/INFO] - puzzleslib: 21.4.13
[05:51:54] [main/INFO] - pyrotechnic_elytra: 1.0.1
[05:51:54] [main/INFO] - repurposed_structures: 7.5.15+1.21.4-fabric
[05:51:54] [main/INFO] - rightclickharvest: 4.5.3+1.21.4-patch.1
[05:51:54] [main/INFO] - roughlyenoughitems: 18.0.798
[05:51:54] [main/INFO] - sereneseasons: 10.4.0.6
[05:51:54] [main/INFO] - server_translations_api: 2.4.0+1.21.2-rc1
[05:51:54] [main/INFO] - sgui: 1.8.0+1.21.4
[05:51:54] [main/INFO] - skinlayers3d: 1.7.5
[05:51:54] [main/INFO] - supermartijn642configlib: 1.1.8
[05:51:54] [main/INFO] - supermartijn642corelib: 1.1.18+a
[05:51:54] [main/INFO] - t_and_t: 1.13.5
[05:51:54] [main/INFO] - tectonic: 2.4.3
[05:51:54] [main/INFO] - terraform-biome-remapper-api-v1: 13.0.0-beta.1
[05:51:54] [main/INFO] - terraform-config-api-v1: 13.0.0-beta.1
[05:51:54] [main/INFO] - terraform-dirt-api-v1: 13.0.0-beta.1
[05:51:54] [main/INFO] - terraform-shapes-api-v1: 13.0.0-beta.1
[05:51:54] [main/INFO] - terraform-surfaces-api-v1: 13.0.0-beta.1
[05:51:54] [main/INFO] - terraform-tree-api-v1: 13.0.0-beta.1
[05:51:54] [main/INFO] - terraform-wood-api-v1: 13.0.0-beta.1
[05:51:54] [main/INFO] - terralith: 2.5.8
[05:51:54] [main/INFO] - terrestria: 7.2.1
[05:51:54] [main/INFO] - terrestria-common: 7.2.1
[05:51:54] [main/INFO] - terrestria-worldgen: 7.2.1
[05:51:54] [main/INFO] - universal-graves: 3.6.0+1.21.4
[05:51:54] [main/INFO] - waystones: 21.4.10
[05:51:54] [main/INFO] - weaponmaster_ydm: 4.2.7
[05:51:54] [main/INFO] - yet_another_config_lib_v3: 3.6.6+1.21.4-fabric
[05:51:54] [main/INFO] ========================================
[05:51:55] [main/INFO] [REI] Registered plugin provider DefaultPlugin [roughlyenoughitems] for REICommonPlugin
[05:51:55] [main/INFO] [REI] Registered plugin provider DefaultRuntimePlugin [roughlyenoughitems] for REICommonPlugin
[05:51:55] [main/INFO] [REI] Registered plugin provider FabricFluidAPISupportPlugin for REICommonPlugin
[05:51:56] [main/DEBUG] [REI] Processed 50 tags in 901.8 μs for minecraft:entity_type
[05:51:56] [main/DEBUG] [REI] Processed 3 tags in 49.55 μs for minecraft:point_of_interest_type
[05:51:56] [main/DEBUG] [REI] Processed 2 tags in 16.74 μs for minecraft:cat_variant
[05:51:56] [main/DEBUG] [REI] Processed 5 tags in 114.6 μs for minecraft:game_event
[05:51:56] [main/DEBUG] [REI] Processed 432 tags in 3.471 ms for minecraft:block
[05:51:56] [main/DEBUG] [REI] Processed 505 tags in 1.179 ms for minecraft:item
[05:51:56] [main/DEBUG] [REI] Processed 5 tags in 15.98 μs for minecraft:fluid
[05:52:01] [Server thread/DEBUG] [REI] Starting Reload Plugins of stage null
java.lang.Throwable
	at knot//me.shedaniel.rei.impl.common.plugins.ReloadManagerImpl.reloadPlugins(ReloadManagerImpl.java:110)
	at knot//me.shedaniel.rei.RoughlyEnoughItemsCore.lambda$onInitialize$4(RoughlyEnoughItemsCore.java:153)
	at knot//dev.architectury.event.fabric.EventHandlerImpl.lambda$registerCommon$10(EventHandlerImpl.java:67)
	at knot//net.fabricmc.fabric.api.event.lifecycle.v1.ServerLifecycleEvents.lambda$static$2(ServerLifecycleEvents.java:49)
	at knot//net.minecraft.server.MinecraftServer.handler$zmh000$fabric-lifecycle-events-v1$afterSetupServer(MinecraftServer.java:4704)
	at knot//net.minecraft.server.MinecraftServer.method_29741(MinecraftServer.java:682)
	at knot//net.minecraft.server.MinecraftServer.method_29739(MinecraftServer.java:292)
	at java.base/java.lang.Thread.run(Thread.java:1583)
[05:52:01] [Server thread/DEBUG] [REI] ========================================
[05:52:01] [Server thread/DEBUG] [REI] REICommonPlugin starting pre-reload for START.
[05:52:01] [Server thread/DEBUG] [REI] Reloadables (8):
[05:52:01] [Server thread/DEBUG] [REI]  - SlotAccessorRegistryImpl
[05:52:01] [Server thread/DEBUG] [REI]  - EntryTypeRegistryImpl
[05:52:01] [Server thread/DEBUG] [REI]  - EntrySettingsAdapterRegistryImpl
[05:52:01] [Server thread/DEBUG] [REI]  - ItemComparatorRegistryImpl
[05:52:01] [Server thread/DEBUG] [REI]  - FluidComparatorRegistryImpl
[05:52:01] [Server thread/DEBUG] [REI]  - DisplaySerializerRegistryImpl
[05:52:01] [Server thread/DEBUG] [REI]  - ServerDisplayRegistryImpl
[05:52:01] [Server thread/DEBUG] [REI]  - FluidSupportProviderImpl
[05:52:01] [Server thread/DEBUG] [REI] Plugins (3):
[05:52:01] [Server thread/DEBUG] [REI]  - (-100.00) DefaultPlugin of DefaultPlugin [roughlyenoughitems]
[05:52:01] [Server thread/DEBUG] [REI]  - (0.00) FabricFluidAPISupportPlugin
[05:52:01] [Server thread/DEBUG] [REI]  - (0.00) DefaultRuntimePlugin of DefaultRuntimePlugin [roughlyenoughitems]
[05:52:01] [Server thread/DEBUG] [REI] ========================================
[05:52:01] [Server thread/TRACE] [REI] [REICommonPlugin START] Reloading Section: "pre-register/"
[05:52:01] [Server thread/TRACE] [REI] [REICommonPlugin START] Reloading Section: "pre-register/DefaultPlugin of DefaultPlugin [roughlyenoughitems]/"
[05:52:01] [Server thread/TRACE] [REI] [REICommonPlugin START] Reloading Section: "pre-register/DefaultPlugin of DefaultPlugin [roughlyenoughitems]/" done in 1.108 ms
[05:52:01] [Server thread/TRACE] [REI] [REICommonPlugin START] Reloading Section: "pre-register/FabricFluidAPISupportPlugin/"
[05:52:01] [Server thread/TRACE] [REI] [REICommonPlugin START] Reloading Section: "pre-register/FabricFluidAPISupportPlugin/" done in 222.2 μs
[05:52:01] [Server thread/TRACE] [REI] [REICommonPlugin START] Reloading Section: "pre-register/DefaultRuntimePlugin of DefaultRuntimePlugin [roughlyenoughitems]/"
[05:52:01] [Server thread/TRACE] [REI] [REICommonPlugin START] Reloading Section: "pre-register/DefaultRuntimePlugin of DefaultRuntimePlugin [roughlyenoughitems]/" done in 232.9 μs
[05:52:01] [Server thread/TRACE] [REI] [REICommonPlugin START] Reloading Section: "pre-register/" done in 9.916 ms
[05:52:01] [Server thread/TRACE] [REI] [REICommonPlugin START] Reloading Section: "pre-stage/"
[05:52:01] [Server thread/TRACE] [REI] [REICommonPlugin START] Reloading Section: "pre-stage/SlotAccessorRegistryImpl/"
[05:52:01] [Server thread/TRACE] [REI] [REICommonPlugin START] Reloading Section: "pre-stage/SlotAccessorRegistryImpl/" done in 388.4 μs
[05:52:01] [Server thread/TRACE] [REI] [REICommonPlugin START] Reloading Section: "pre-stage/EntryTypeRegistryImpl/"
[05:52:01] [Server thread/TRACE] [REI] [REICommonPlugin START] Reloading Section: "pre-stage/EntryTypeRegistryImpl/" done in 248.9 μs
[05:52:01] [Server thread/TRACE] [REI] [REICommonPlugin START] Reloading Section: "pre-stage/EntrySettingsAdapterRegistryImpl/"
[05:52:01] [Server thread/TRACE] [REI] [REICommonPlugin START] Reloading Section: "pre-stage/EntrySettingsAdapterRegistryImpl/" done in 154.6 μs
[05:52:01] [Server thread/TRACE] [REI] [REICommonPlugin START] Reloading Section: "pre-stage/ItemComparatorRegistryImpl/"
[05:52:01] [Server thread/TRACE] [REI] [REICommonPlugin START] Reloading Section: "pre-stage/ItemComparatorRegistryImpl/" done in 260.4 μs
[05:52:01] [Server thread/TRACE] [REI] [REICommonPlugin START] Reloading Section: "pre-stage/FluidComparatorRegistryImpl/"
[05:52:01] [Server thread/TRACE] [REI] [REICommonPlugin START] Reloading Section: "pre-stage/FluidComparatorRegistryImpl/" done in 140.8 μs
[05:52:01] [Server thread/TRACE] [REI] [REICommonPlugin START] Reloading Section: "pre-stage/DisplaySerializerRegistryImpl/"
[05:52:01] [Server thread/TRACE] [REI] [REICommonPlugin START] Reloading Section: "pre-stage/DisplaySerializerRegistryImpl/" done in 151.3 μs
[05:52:01] [Server thread/TRACE] [REI] [REICommonPlugin START] Reloading Section: "pre-stage/ServerDisplayRegistryImpl/"
[05:52:01] [Server thread/TRACE] [REI] [REICommonPlugin START] Reloading Section: "pre-stage/ServerDisplayRegistryImpl/" done in 126.5 μs
[05:52:01] [Server thread/TRACE] [REI] [REICommonPlugin START] Reloading Section: "pre-stage/FluidSupportProviderImpl/"
[05:52:01] [Server thread/TRACE] [REI] [REICommonPlugin START] Reloading Section: "pre-stage/FluidSupportProviderImpl/" done in 221.6 μs
[05:52:01] [Server thread/TRACE] [REI] [REICommonPlugin START] Reloading Section: "pre-stage/" done in 4.252 ms
[05:52:01] [Server thread/DEBUG] [REI] ========================================
[05:52:01] [Server thread/DEBUG] [REI] REICommonPlugin finished pre-reload for START in 14.83 ms.
[05:52:01] [Server thread/DEBUG] [REI] ========================================
[05:52:01] [Server thread/INFO] [REI] ########################################
[05:52:01] [Server thread/INFO] [REI] REICommonPlugin starting main-reload for START.
[05:52:01] [Server thread/DEBUG] [REI] Reloadables (8):
[05:52:01] [Server thread/DEBUG] [REI]  - SlotAccessorRegistryImpl
[05:52:01] [Server thread/DEBUG] [REI]  - EntryTypeRegistryImpl
[05:52:01] [Server thread/DEBUG] [REI]  - EntrySettingsAdapterRegistryImpl
[05:52:01] [Server thread/DEBUG] [REI]  - ItemComparatorRegistryImpl
[05:52:01] [Server thread/DEBUG] [REI]  - FluidComparatorRegistryImpl
[05:52:01] [Server thread/DEBUG] [REI]  - DisplaySerializerRegistryImpl
[05:52:01] [Server thread/DEBUG] [REI]  - ServerDisplayRegistryImpl
[05:52:01] [Server thread/DEBUG] [REI]  - FluidSupportProviderImpl
[05:52:01] [Server thread/INFO] [REI] Plugins (3):
[05:52:01] [Server thread/INFO] [REI]  - (-100.00) DefaultPlugin of DefaultPlugin [roughlyenoughitems]
[05:52:01] [Server thread/INFO] [REI]  - (0.00) FabricFluidAPISupportPlugin
[05:52:01] [Server thread/INFO] [REI]  - (0.00) DefaultRuntimePlugin of DefaultRuntimePlugin [roughlyenoughitems]
[05:52:01] [Server thread/INFO] [REI] ########################################
[05:52:01] [Server thread/TRACE] [REI] [REICommonPlugin START] Reloading Section: "start-reload/"
[05:52:01] [Server thread/TRACE] [REI] [REICommonPlugin START] Reloading Section: "start-reload/SlotAccessorRegistryImpl/"
[05:52:01] [Server thread/TRACE] [REI] [REICommonPlugin START] Reloading Section: "start-reload/SlotAccessorRegistryImpl/" done in 86.20 μs
[05:52:01] [Server thread/TRACE] [REI] [REICommonPlugin START] Reloading Section: "start-reload/EntryTypeRegistryImpl/"
[05:52:01] [Server thread/TRACE] [REI] [REICommonPlugin START] Reloading Section: "start-reload/EntryTypeRegistryImpl/" done in 71.14 μs
[05:52:01] [Server thread/TRACE] [REI] [REICommonPlugin START] Reloading Section: "start-reload/EntrySettingsAdapterRegistryImpl/"
[05:52:01] [Server thread/TRACE] [REI] [REICommonPlugin START] Reloading Section: "start-reload/EntrySettingsAdapterRegistryImpl/" done in 41.87 μs
[05:52:01] [Server thread/TRACE] [REI] [REICommonPlugin START] Reloading Section: "start-reload/ItemComparatorRegistryImpl/"
[05:52:01] [Server thread/TRACE] [REI] [REICommonPlugin START] Reloading Section: "start-reload/ItemComparatorRegistryImpl/" done in 51.56 μs
[05:52:01] [Server thread/TRACE] [REI] [REICommonPlugin START] Reloading Section: "start-reload/FluidComparatorRegistryImpl/"
[05:52:01] [Server thread/TRACE] [REI] [REICommonPlugin START] Reloading Section: "start-reload/FluidComparatorRegistryImpl/" done in 46.88 μs
[05:52:01] [Server thread/TRACE] [REI] [REICommonPlugin START] Reloading Section: "start-reload/DisplaySerializerRegistryImpl/"
[05:52:01] [Server thread/TRACE] [REI] [REICommonPlugin START] Reloading Section: "start-reload/DisplaySerializerRegistryImpl/" done in 46.48 μs
[05:52:01] [Server thread/TRACE] [REI] [REICommonPlugin START] Reloading Section: "start-reload/ServerDisplayRegistryImpl/"
[05:52:01] [Server thread/TRACE] [REI] [REICommonPlugin START] Reloading Section: "start-reload/ServerDisplayRegistryImpl/" done in 40.75 μs
[05:52:01] [Server thread/TRACE] [REI] [REICommonPlugin START] Reloading Section: "start-reload/FluidSupportProviderImpl/"
[05:52:01] [Server thread/TRACE] [REI] [REICommonPlugin START] Reloading Section: "start-reload/FluidSupportProviderImpl/" done in 51.26 μs
[05:52:01] [Server thread/TRACE] [REI] [REICommonPlugin START] Reloading Section: "start-reload/" done in 1.241 ms
[05:52:01] [Server thread/DEBUG] [REI] ========================================
[05:52:01] [Server thread/DEBUG] [REI] REICommonPlugin started main-reload for START.
[05:52:01] [Server thread/DEBUG] [REI] ========================================
[05:52:01] [Server thread/TRACE] [REI] [REICommonPlugin START] Reloading Section: "reloadable-plugin/SlotAccessorRegistryImpl/"
[05:52:01] [Server thread/TRACE] [REI] [REICommonPlugin START] Reloading Section: "reloadable-plugin/SlotAccessorRegistryImpl/DefaultPlugin of DefaultPlugin [roughlyenoughitems]/"
[05:52:01] [Server thread/TRACE] [REI] [REICommonPlugin START] Reloading Section: "reloadable-plugin/SlotAccessorRegistryImpl/DefaultPlugin of DefaultPlugin [roughlyenoughitems]/" done in 341.4 μs
[05:52:01] [Server thread/TRACE] [REI] [REICommonPlugin START] Reloading Section: "reloadable-plugin/SlotAccessorRegistryImpl/FabricFluidAPISupportPlugin/"
[05:52:01] [Server thread/TRACE] [REI] [REICommonPlugin START] Reloading Section: "reloadable-plugin/SlotAccessorRegistryImpl/FabricFluidAPISupportPlugin/" done in 132.1 μs
[05:52:01] [Server thread/TRACE] [REI] [REICommonPlugin START] Reloading Section: "reloadable-plugin/SlotAccessorRegistryImpl/DefaultRuntimePlugin of DefaultRuntimePlugin [roughlyenoughitems]/"
[05:52:01] [Server thread/TRACE] [REI] [REICommonPlugin START] Reloading Section: "reloadable-plugin/SlotAccessorRegistryImpl/DefaultRuntimePlugin of DefaultRuntimePlugin [roughlyenoughitems]/" done in 137.1 μs
[05:52:01] [Server thread/TRACE] [REI] [REICommonPlugin START] Reloading Section: "reloadable-plugin/SlotAccessorRegistryImpl/" done in 1.651 ms
[05:52:01] [Server thread/TRACE] [REI] [REICommonPlugin START] Reloading Section: "reloadable-plugin/EntryTypeRegistryImpl/"
[05:52:01] [Server thread/TRACE] [REI] [REICommonPlugin START] Reloading Section: "reloadable-plugin/EntryTypeRegistryImpl/DefaultPlugin of DefaultPlugin [roughlyenoughitems]/"
[05:52:01] [Server thread/TRACE] [REI] [REICommonPlugin START] Reloading Section: "reloadable-plugin/EntryTypeRegistryImpl/DefaultPlugin of DefaultPlugin [roughlyenoughitems]/" done in 133.1 μs
[05:52:01] [Server thread/TRACE] [REI] [REICommonPlugin START] Reloading Section: "reloadable-plugin/EntryTypeRegistryImpl/FabricFluidAPISupportPlugin/"
[05:52:01] [Server thread/TRACE] [REI] [REICommonPlugin START] Reloading Section: "reloadable-plugin/EntryTypeRegistryImpl/FabricFluidAPISupportPlugin/" done in 54.82 μs
[05:52:01] [Server thread/TRACE] [REI] [REICommonPlugin START] Reloading Section: "reloadable-plugin/EntryTypeRegistryImpl/DefaultRuntimePlugin of DefaultRuntimePlugin [roughlyenoughitems]/"
[05:52:01] [Server thread/TRACE] [REI] [REICommonPlugin START] Reloading Section: "reloadable-plugin/EntryTypeRegistryImpl/DefaultRuntimePlugin of DefaultRuntimePlugin [roughlyenoughitems]/" done in 4.406 ms
[05:52:01] [Server thread/TRACE] [REI] [REICommonPlugin START] Reloading Section: "reloadable-plugin/EntryTypeRegistryImpl/" done in 5.186 ms
[05:52:01] [Server thread/TRACE] [REI] [REICommonPlugin START] Reloading Section: "reloadable-plugin/EntrySettingsAdapterRegistryImpl/"
[05:52:01] [Server thread/TRACE] [REI] [REICommonPlugin START] Reloading Section: "reloadable-plugin/EntrySettingsAdapterRegistryImpl/DefaultPlugin of DefaultPlugin [roughlyenoughitems]/"
[05:52:01] [Server thread/TRACE] [REI] [REICommonPlugin START] Reloading Section: "reloadable-plugin/EntrySettingsAdapterRegistryImpl/DefaultPlugin of DefaultPlugin [roughlyenoughitems]/" done in 139.1 μs
[05:52:01] [Server thread/TRACE] [REI] [REICommonPlugin START] Reloading Section: "reloadable-plugin/EntrySettingsAdapterRegistryImpl/FabricFluidAPISupportPlugin/"
[05:52:01] [Server thread/TRACE] [REI] [REICommonPlugin START] Reloading Section: "reloadable-plugin/EntrySettingsAdapterRegistryImpl/FabricFluidAPISupportPlugin/" done in 143.9 μs
[05:52:01] [Server thread/TRACE] [REI] [REICommonPlugin START] Reloading Section: "reloadable-plugin/EntrySettingsAdapterRegistryImpl/DefaultRuntimePlugin of DefaultRuntimePlugin [roughlyenoughitems]/"
[05:52:01] [Server thread/TRACE] [REI] [REICommonPlugin START] Reloading Section: "reloadable-plugin/EntrySettingsAdapterRegistryImpl/DefaultRuntimePlugin of DefaultRuntimePlugin [roughlyenoughitems]/" done in 110.2 μs
[05:52:01] [Server thread/TRACE] [REI] [REICommonPlugin START] Reloading Section: "reloadable-plugin/EntrySettingsAdapterRegistryImpl/" done in 1.118 ms
[05:52:01] [Server thread/TRACE] [REI] [REICommonPlugin START] Reloading Section: "reloadable-plugin/ItemComparatorRegistryImpl/"
[05:52:01] [Server thread/TRACE] [REI] [REICommonPlugin START] Reloading Section: "reloadable-plugin/ItemComparatorRegistryImpl/DefaultPlugin of DefaultPlugin [roughlyenoughitems]/"
[05:52:01] [Server thread/TRACE] [REI] [REICommonPlugin START] Reloading Section: "reloadable-plugin/ItemComparatorRegistryImpl/DefaultPlugin of DefaultPlugin [roughlyenoughitems]/" done in 982.5 μs
[05:52:01] [Server thread/TRACE] [REI] [REICommonPlugin START] Reloading Section: "reloadable-plugin/ItemComparatorRegistryImpl/FabricFluidAPISupportPlugin/"
[05:52:01] [Server thread/TRACE] [REI] [REICommonPlugin START] Reloading Section: "reloadable-plugin/ItemComparatorRegistryImpl/FabricFluidAPISupportPlugin/" done in 63.36 μs
[05:52:01] [Server thread/TRACE] [REI] [REICommonPlugin START] Reloading Section: "reloadable-plugin/ItemComparatorRegistryImpl/DefaultRuntimePlugin of DefaultRuntimePlugin [roughlyenoughitems]/"
[05:52:01] [Server thread/TRACE] [REI] [REICommonPlugin START] Reloading Section: "reloadable-plugin/ItemComparatorRegistryImpl/DefaultRuntimePlugin of DefaultRuntimePlugin [roughlyenoughitems]/" done in 120.7 μs
[05:52:01] [Server thread/TRACE] [REI] [REICommonPlugin START] Reloading Section: "reloadable-plugin/ItemComparatorRegistryImpl/" done in 1.871 ms
[05:52:01] [Server thread/TRACE] [REI] [REICommonPlugin START] Reloading Section: "reloadable-plugin/FluidComparatorRegistryImpl/"
[05:52:01] [Server thread/TRACE] [REI] [REICommonPlugin START] Reloading Section: "reloadable-plugin/FluidComparatorRegistryImpl/DefaultPlugin of DefaultPlugin [roughlyenoughitems]/"
[05:52:01] [Server thread/TRACE] [REI] [REICommonPlugin START] Reloading Section: "reloadable-plugin/FluidComparatorRegistryImpl/DefaultPlugin of DefaultPlugin [roughlyenoughitems]/" done in 129.8 μs
[05:52:01] [Server thread/TRACE] [REI] [REICommonPlugin START] Reloading Section: "reloadable-plugin/FluidComparatorRegistryImpl/FabricFluidAPISupportPlugin/"
[05:52:01] [Server thread/TRACE] [REI] [REICommonPlugin START] Reloading Section: "reloadable-plugin/FluidComparatorRegistryImpl/FabricFluidAPISupportPlugin/" done in 127.7 μs
[05:52:01] [Server thread/TRACE] [REI] [REICommonPlugin START] Reloading Section: "reloadable-plugin/FluidComparatorRegistryImpl/DefaultRuntimePlugin of DefaultRuntimePlugin [roughlyenoughitems]/"
[05:52:01] [Server thread/TRACE] [REI] [REICommonPlugin START] Reloading Section: "reloadable-plugin/FluidComparatorRegistryImpl/DefaultRuntimePlugin of DefaultRuntimePlugin [roughlyenoughitems]/" done in 63.70 μs
[05:52:01] [Server thread/TRACE] [REI] [REICommonPlugin START] Reloading Section: "reloadable-plugin/FluidComparatorRegistryImpl/" done in 915.8 μs
[05:52:01] [Server thread/TRACE] [REI] [REICommonPlugin START] Reloading Section: "reloadable-plugin/DisplaySerializerRegistryImpl/"
[05:52:01] [Server thread/TRACE] [REI] [REICommonPlugin START] Reloading Section: "reloadable-plugin/DisplaySerializerRegistryImpl/DefaultPlugin of DefaultPlugin [roughlyenoughitems]/"
[05:52:01] [Server thread/DEBUG] [REI] Added display serializer [minecraft:client/crafting/shaped] me.shedaniel.rei.api.common.display.DisplaySerializer$1@15fdd8fb
[05:52:01] [Server thread/DEBUG] [REI] Added display serializer [minecraft:client/crafting/shapeless] me.shedaniel.rei.api.common.display.DisplaySerializer$1@3928707d
[05:52:01] [Server thread/DEBUG] [REI] Added display serializer [minecraft:client/smelting] me.shedaniel.rei.api.common.display.DisplaySerializer$1@70a896ec
[05:52:01] [Server thread/DEBUG] [REI] Added display serializer [minecraft:client/smoking] me.shedaniel.rei.api.common.display.DisplaySerializer$1@730f324b
[05:52:01] [Server thread/DEBUG] [REI] Added display serializer [minecraft:client/blasting] me.shedaniel.rei.api.common.display.DisplaySerializer$1@7c399c61
[05:52:01] [Server thread/DEBUG] [REI] Added display serializer [minecraft:default/crafting/shaped] me.shedaniel.rei.api.common.display.DisplaySerializer$1@75d85c16
[05:52:01] [Server thread/DEBUG] [REI] Added display serializer [minecraft:default/crafting/shapeless] me.shedaniel.rei.api.common.display.DisplaySerializer$1@3d1bd2a
[05:52:01] [Server thread/DEBUG] [REI] Added display serializer [minecraft:default/crafting/custom] me.shedaniel.rei.api.common.display.DisplaySerializer$1@21572642
[05:52:01] [Server thread/DEBUG] [REI] Added display serializer [minecraft:default/crafting/custom_shaped] me.shedaniel.rei.api.common.display.DisplaySerializer$1@56f54f83
[05:52:01] [Server thread/DEBUG] [REI] Added display serializer [minecraft:default/crafting/custom_shapeless] me.shedaniel.rei.api.common.display.DisplaySerializer$1@45e0cfe4
[05:52:01] [Server thread/DEBUG] [REI] Added display serializer [minecraft:extension/crafting/map_extending] me.shedaniel.rei.api.common.display.DisplaySerializer$1@126a0098
[05:52:01] [Server thread/DEBUG] [REI] Added display serializer [minecraft:default/smelting] me.shedaniel.rei.api.common.display.DisplaySerializer$1@1faca75e
[05:52:01] [Server thread/DEBUG] [REI] Added display serializer [minecraft:default/smoking] me.shedaniel.rei.api.common.display.DisplaySerializer$1@66dbc77e
[05:52:01] [Server thread/DEBUG] [REI] Added display serializer [minecraft:default/blasting] me.shedaniel.rei.api.common.display.DisplaySerializer$1@156c6e66
[05:52:01] [Server thread/DEBUG] [REI] Added display serializer [minecraft:default/campfire] me.shedaniel.rei.api.common.display.DisplaySerializer$1@484082b4
[05:52:01] [Server thread/DEBUG] [REI] Added display serializer [minecraft:default/stone_cutting] me.shedaniel.rei.api.common.display.DisplaySerializer$1@fca1483
[05:52:01] [Server thread/DEBUG] [REI] Added display serializer [minecraft:default/stripping] me.shedaniel.rei.api.common.display.DisplaySerializer$1@2960af58
[05:52:01] [Server thread/DEBUG] [REI] Added display serializer [minecraft:default/brewing] me.shedaniel.rei.api.common.display.DisplaySerializer$1@227fb496
[05:52:01] [Server thread/DEBUG] [REI] Added display serializer [minecraft:default/composting] me.shedaniel.rei.api.common.display.DisplaySerializer$1@3b1cdd86
[05:52:01] [Server thread/DEBUG] [REI] Added display serializer [minecraft:default/fuel] me.shedaniel.rei.api.common.display.DisplaySerializer$1@fb120be
[05:52:01] [Server thread/DEBUG] [REI] Added display serializer [minecraft:default/smithing] me.shedaniel.rei.api.common.display.DisplaySerializer$1@30047c9d
[05:52:01] [Server thread/DEBUG] [REI] Added display serializer [minecraft:default/anvil] me.shedaniel.rei.api.common.display.DisplaySerializer$1@4d3b91c2
[05:52:01] [Server thread/DEBUG] [REI] Added display serializer [minecraft:default/beacon_base] me.shedaniel.rei.api.common.display.DisplaySerializer$1@60f432f6
[05:52:01] [Server thread/DEBUG] [REI] Added display serializer [minecraft:default/beacon_payment] me.shedaniel.rei.api.common.display.DisplaySerializer$1@218305e5
[05:52:01] [Server thread/DEBUG] [REI] Added display serializer [minecraft:default/tilling] me.shedaniel.rei.api.common.display.DisplaySerializer$1@47fe3ef0
[05:52:01] [Server thread/DEBUG] [REI] Added display serializer [minecraft:default/pathing] me.shedaniel.rei.api.common.display.DisplaySerializer$1@646dee90
[05:52:01] [Server thread/DEBUG] [REI] Added display serializer [minecraft:default/waxing] me.shedaniel.rei.api.common.display.DisplaySerializer$1@51b7c4df
[05:52:01] [Server thread/DEBUG] [REI] Added display serializer [minecraft:default/waxing_scraping] me.shedaniel.rei.api.common.display.DisplaySerializer$1@4fc17beb
[05:52:01] [Server thread/DEBUG] [REI] Added display serializer [minecraft:default/oxidizing] me.shedaniel.rei.api.common.display.DisplaySerializer$1@7fc13a3
[05:52:01] [Server thread/DEBUG] [REI] Added display serializer [minecraft:default/oxidizing_scraping] me.shedaniel.rei.api.common.display.DisplaySerializer$1@4e31e0cd
[05:52:01] [Server thread/DEBUG] [REI] Added display serializer [roughlyenoughitems:default/information] me.shedaniel.rei.api.common.display.DisplaySerializer$1@478a6bf7
[05:52:01] [Server thread/TRACE] [REI] [REICommonPlugin START] Reloading Section: "reloadable-plugin/DisplaySerializerRegistryImpl/DefaultPlugin of DefaultPlugin [roughlyenoughitems]/" done in 44.51 ms
[05:52:01] [Server thread/TRACE] [REI] [REICommonPlugin START] Reloading Section: "reloadable-plugin/DisplaySerializerRegistryImpl/FabricFluidAPISupportPlugin/"
[05:52:01] [Server thread/TRACE] [REI] [REICommonPlugin START] Reloading Section: "reloadable-plugin/DisplaySerializerRegistryImpl/FabricFluidAPISupportPlugin/" done in 71.55 μs
[05:52:01] [Server thread/TRACE] [REI] [REICommonPlugin START] Reloading Section: "reloadable-plugin/DisplaySerializerRegistryImpl/DefaultRuntimePlugin of DefaultRuntimePlugin [roughlyenoughitems]/"
[05:52:01] [Server thread/TRACE] [REI] [REICommonPlugin START] Reloading Section: "reloadable-plugin/DisplaySerializerRegistryImpl/DefaultRuntimePlugin of DefaultRuntimePlugin [roughlyenoughitems]/" done in 67.18 μs
[05:52:01] [Server thread/TRACE] [REI] [REICommonPlugin START] Reloading Section: "reloadable-plugin/DisplaySerializerRegistryImpl/" done in 45.20 ms
[05:52:01] [Server thread/TRACE] [REI] [REICommonPlugin START] Reloading Section: "reloadable-plugin/ServerDisplayRegistryImpl/"
[05:52:01] [Server thread/TRACE] [REI] [REICommonPlugin START] Reloading Section: "reloadable-plugin/ServerDisplayRegistryImpl/DefaultPlugin of DefaultPlugin [roughlyenoughitems]/"
[05:52:01] [Server thread/TRACE] [REI] [REICommonPlugin START] Reloading Section: "reloadable-plugin/ServerDisplayRegistryImpl/DefaultPlugin of DefaultPlugin [roughlyenoughitems]/" done in 62.92 μs
[05:52:01] [Server thread/TRACE] [REI] [REICommonPlugin START] Reloading Section: "reloadable-plugin/ServerDisplayRegistryImpl/FabricFluidAPISupportPlugin/"
[05:52:01] [Server thread/TRACE] [REI] [REICommonPlugin START] Reloading Section: "reloadable-plugin/ServerDisplayRegistryImpl/FabricFluidAPISupportPlugin/" done in 52.99 μs
[05:52:01] [Server thread/TRACE] [REI] [REICommonPlugin START] Reloading Section: "reloadable-plugin/ServerDisplayRegistryImpl/DefaultRuntimePlugin of DefaultRuntimePlugin [roughlyenoughitems]/"
[05:52:01] [Server thread/TRACE] [REI] [REICommonPlugin START] Reloading Section: "reloadable-plugin/ServerDisplayRegistryImpl/DefaultRuntimePlugin of DefaultRuntimePlugin [roughlyenoughitems]/" done in 51.35 μs
[05:52:01] [Server thread/TRACE] [REI] [REICommonPlugin START] Reloading Section: "reloadable-plugin/ServerDisplayRegistryImpl/" done in 525.2 μs
[05:52:01] [Server thread/TRACE] [REI] [REICommonPlugin START] Reloading Section: "reloadable-plugin/FluidSupportProviderImpl/"
[05:52:01] [Server thread/TRACE] [REI] [REICommonPlugin START] Reloading Section: "reloadable-plugin/FluidSupportProviderImpl/DefaultPlugin of DefaultPlugin [roughlyenoughitems]/"
[05:52:01] [Server thread/TRACE] [REI] [REICommonPlugin START] Reloading Section: "reloadable-plugin/FluidSupportProviderImpl/DefaultPlugin of DefaultPlugin [roughlyenoughitems]/" done in 411.3 μs
[05:52:01] [Server thread/TRACE] [REI] [REICommonPlugin START] Reloading Section: "reloadable-plugin/FluidSupportProviderImpl/FabricFluidAPISupportPlugin/"
[05:52:01] [Server thread/TRACE] [REI] [REICommonPlugin START] Reloading Section: "reloadable-plugin/FluidSupportProviderImpl/FabricFluidAPISupportPlugin/" done in 188.9 μs
[05:52:01] [Server thread/TRACE] [REI] [REICommonPlugin START] Reloading Section: "reloadable-plugin/FluidSupportProviderImpl/DefaultRuntimePlugin of DefaultRuntimePlugin [roughlyenoughitems]/"
[05:52:01] [Server thread/TRACE] [REI] [REICommonPlugin START] Reloading Section: "reloadable-plugin/FluidSupportProviderImpl/DefaultRuntimePlugin of DefaultRuntimePlugin [roughlyenoughitems]/" done in 73.02 μs
[05:52:01] [Server thread/TRACE] [REI] [REICommonPlugin START] Reloading Section: "reloadable-plugin/FluidSupportProviderImpl/" done in 1.107 ms
[05:52:01] [Server thread/DEBUG] [REI] ========================================
[05:52:01] [Server thread/DEBUG] [REI] REICommonPlugin ending main-reload for START.
[05:52:01] [Server thread/DEBUG] [REI] ========================================
[05:52:01] [Server thread/TRACE] [REI] [REICommonPlugin START] Reloading Section: "end-reload/"
[05:52:01] [Server thread/TRACE] [REI] [REICommonPlugin START] Reloading Section: "end-reload/SlotAccessorRegistryImpl/"
[05:52:01] [Server thread/TRACE] [REI] [REICommonPlugin START] Reloading Section: "end-reload/SlotAccessorRegistryImpl/" done in 59.01 μs
[05:52:01] [Server thread/TRACE] [REI] [REICommonPlugin START] Reloading Section: "end-reload/EntryTypeRegistryImpl/"
[05:52:01] [Server thread/TRACE] [REI] [REICommonPlugin START] Reloading Section: "end-reload/EntryTypeRegistryImpl/" done in 49.17 μs
[05:52:01] [Server thread/TRACE] [REI] [REICommonPlugin START] Reloading Section: "end-reload/EntrySettingsAdapterRegistryImpl/"
[05:52:01] [Server thread/TRACE] [REI] [REICommonPlugin START] Reloading Section: "end-reload/EntrySettingsAdapterRegistryImpl/" done in 48.85 μs
[05:52:01] [Server thread/TRACE] [REI] [REICommonPlugin START] Reloading Section: "end-reload/ItemComparatorRegistryImpl/"
[05:52:01] [Server thread/TRACE] [REI] [REICommonPlugin START] Reloading Section: "end-reload/ItemComparatorRegistryImpl/" done in 44.67 μs
[05:52:01] [Server thread/TRACE] [REI] [REICommonPlugin START] Reloading Section: "end-reload/FluidComparatorRegistryImpl/"
[05:52:01] [Server thread/TRACE] [REI] [REICommonPlugin START] Reloading Section: "end-reload/FluidComparatorRegistryImpl/" done in 49.31 μs
[05:52:01] [Server thread/TRACE] [REI] [REICommonPlugin START] Reloading Section: "end-reload/DisplaySerializerRegistryImpl/"
[05:52:01] [Server thread/TRACE] [REI] [REICommonPlugin START] Reloading Section: "end-reload/DisplaySerializerRegistryImpl/" done in 60.24 μs
[05:52:01] [Server thread/TRACE] [REI] [REICommonPlugin START] Reloading Section: "end-reload/ServerDisplayRegistryImpl/"
[05:52:01] [Server thread/TRACE] [REI] [REICommonPlugin START] Reloading Section: "end-reload/ServerDisplayRegistryImpl/" done in 55.54 μs
[05:52:01] [Server thread/TRACE] [REI] [REICommonPlugin START] Reloading Section: "end-reload/FluidSupportProviderImpl/"
[05:52:01] [Server thread/TRACE] [REI] [REICommonPlugin START] Reloading Section: "end-reload/FluidSupportProviderImpl/" done in 58.41 μs
[05:52:01] [Server thread/TRACE] [REI] [REICommonPlugin START] Reloading Section: "end-reload/" done in 1.293 ms
[05:52:01] [Server thread/DEBUG] [REI] ========================================
[05:52:01] [Server thread/DEBUG] [REI] REICommonPlugin ended main-reload for START in 64.82 ms.
[05:52:01] [Server thread/DEBUG] [REI] ========================================
[05:52:01] [Server thread/DEBUG] [REI] ========================================
[05:52:01] [Server thread/DEBUG] [REI] REICommonPlugin starting post-reload for START.
[05:52:01] [Server thread/DEBUG] [REI] Reloadables (8):
[05:52:01] [Server thread/DEBUG] [REI]  - SlotAccessorRegistryImpl
[05:52:01] [Server thread/DEBUG] [REI]  - EntryTypeRegistryImpl
[05:52:01] [Server thread/DEBUG] [REI]  - EntrySettingsAdapterRegistryImpl
[05:52:01] [Server thread/DEBUG] [REI]  - ItemComparatorRegistryImpl
[05:52:01] [Server thread/DEBUG] [REI]  - FluidComparatorRegistryImpl
[05:52:01] [Server thread/DEBUG] [REI]  - DisplaySerializerRegistryImpl
[05:52:01] [Server thread/DEBUG] [REI]  - ServerDisplayRegistryImpl
[05:52:01] [Server thread/DEBUG] [REI]  - FluidSupportProviderImpl
[05:52:01] [Server thread/DEBUG] [REI] Plugins (3):
[05:52:01] [Server thread/DEBUG] [REI]  - (-100.00) DefaultPlugin of DefaultPlugin [roughlyenoughitems]
[05:52:01] [Server thread/DEBUG] [REI]  - (0.00) FabricFluidAPISupportPlugin
[05:52:01] [Server thread/DEBUG] [REI]  - (0.00) DefaultRuntimePlugin of DefaultRuntimePlugin [roughlyenoughitems]
[05:52:01] [Server thread/DEBUG] [REI] ========================================
[05:52:01] [Server thread/TRACE] [REI] [REICommonPlugin START] Reloading Section: "post-register/"
[05:52:01] [Server thread/TRACE] [REI] [REICommonPlugin START] Reloading Section: "post-register/DefaultPlugin of DefaultPlugin [roughlyenoughitems]/"
[05:52:01] [Server thread/TRACE] [REI] [REICommonPlugin START] Reloading Section: "post-register/DefaultPlugin of DefaultPlugin [roughlyenoughitems]/" done in 399.4 μs
[05:52:01] [Server thread/TRACE] [REI] [REICommonPlugin START] Reloading Section: "post-register/FabricFluidAPISupportPlugin/"
[05:52:01] [Server thread/TRACE] [REI] [REICommonPlugin START] Reloading Section: "post-register/FabricFluidAPISupportPlugin/" done in 59.82 μs
[05:52:01] [Server thread/TRACE] [REI] [REICommonPlugin START] Reloading Section: "post-register/DefaultRuntimePlugin of DefaultRuntimePlugin [roughlyenoughitems]/"
[05:52:01] [Server thread/TRACE] [REI] [REICommonPlugin START] Reloading Section: "post-register/DefaultRuntimePlugin of DefaultRuntimePlugin [roughlyenoughitems]/" done in 76.04 μs
[05:52:01] [Server thread/TRACE] [REI] [REICommonPlugin START] Reloading Section: "post-register/" done in 1.377 ms
[05:52:01] [Server thread/TRACE] [REI] [REICommonPlugin START] Reloading Section: "post-stage/"
[05:52:01] [Server thread/TRACE] [REI] [REICommonPlugin START] Reloading Section: "post-stage/SlotAccessorRegistryImpl/"
[05:52:01] [Server thread/TRACE] [REI] [REICommonPlugin START] Reloading Section: "post-stage/SlotAccessorRegistryImpl/" done in 54.88 μs
[05:52:01] [Server thread/TRACE] [REI] [REICommonPlugin START] Reloading Section: "post-stage/EntryTypeRegistryImpl/"
[05:52:01] [Server thread/TRACE] [REI] [REICommonPlugin START] Reloading Section: "post-stage/EntryTypeRegistryImpl/" done in 28.37 μs
[05:52:01] [Server thread/TRACE] [REI] [REICommonPlugin START] Reloading Section: "post-stage/EntrySettingsAdapterRegistryImpl/"
[05:52:01] [Server thread/TRACE] [REI] [REICommonPlugin START] Reloading Section: "post-stage/EntrySettingsAdapterRegistryImpl/" done in 26.62 μs
[05:52:01] [Server thread/TRACE] [REI] [REICommonPlugin START] Reloading Section: "post-stage/ItemComparatorRegistryImpl/"
[05:52:01] [Server thread/TRACE] [REI] [REICommonPlugin START] Reloading Section: "post-stage/ItemComparatorRegistryImpl/" done in 38.18 μs
[05:52:01] [Server thread/TRACE] [REI] [REICommonPlugin START] Reloading Section: "post-stage/FluidComparatorRegistryImpl/"
[05:52:01] [Server thread/TRACE] [REI] [REICommonPlugin START] Reloading Section: "post-stage/FluidComparatorRegistryImpl/" done in 156.6 μs
[05:52:01] [Server thread/TRACE] [REI] [REICommonPlugin START] Reloading Section: "post-stage/DisplaySerializerRegistryImpl/"
[05:52:01] [Server thread/TRACE] [REI] [REICommonPlugin START] Reloading Section: "post-stage/DisplaySerializerRegistryImpl/" done in 149.4 μs
[05:52:01] [Server thread/TRACE] [REI] [REICommonPlugin START] Reloading Section: "post-stage/ServerDisplayRegistryImpl/"
[05:52:01] [Server thread/TRACE] [REI] [REICommonPlugin START] Reloading Section: "post-stage/ServerDisplayRegistryImpl/" done in 148.3 μs
[05:52:01] [Server thread/TRACE] [REI] [REICommonPlugin START] Reloading Section: "post-stage/FluidSupportProviderImpl/"
[05:52:01] [Server thread/TRACE] [REI] [REICommonPlugin START] Reloading Section: "post-stage/FluidSupportProviderImpl/" done in 44.43 μs
[05:52:01] [Server thread/TRACE] [REI] [REICommonPlugin START] Reloading Section: "post-stage/" done in 1.831 ms
[05:52:01] [Server thread/DEBUG] [REI] ========================================
[05:52:01] [Server thread/INFO] [REI] REICommonPlugin finished post-reload for START in 3.559 ms, totaling 83.18 ms.
[05:52:01] [Server thread/DEBUG] [REI] ========================================
[05:52:01] [Server thread/DEBUG] [REI] ========================================
[05:52:01] [Server thread/DEBUG] [REI] REICommonPlugin starting pre-reload for END.
[05:52:01] [Server thread/DEBUG] [REI] Reloadables (8):
[05:52:01] [Server thread/DEBUG] [REI]  - SlotAccessorRegistryImpl
[05:52:01] [Server thread/DEBUG] [REI]  - EntryTypeRegistryImpl
[05:52:01] [Server thread/DEBUG] [REI]  - EntrySettingsAdapterRegistryImpl
[05:52:01] [Server thread/DEBUG] [REI]  - ItemComparatorRegistryImpl
[05:52:01] [Server thread/DEBUG] [REI]  - FluidComparatorRegistryImpl
[05:52:01] [Server thread/DEBUG] [REI]  - DisplaySerializerRegistryImpl
[05:52:01] [Server thread/DEBUG] [REI]  - ServerDisplayRegistryImpl
[05:52:01] [Server thread/DEBUG] [REI]  - FluidSupportProviderImpl
[05:52:01] [Server thread/DEBUG] [REI] Plugins (3):
[05:52:01] [Server thread/DEBUG] [REI]  - (-100.00) DefaultPlugin of DefaultPlugin [roughlyenoughitems]
[05:52:01] [Server thread/DEBUG] [REI]  - (0.00) FabricFluidAPISupportPlugin
[05:52:01] [Server thread/DEBUG] [REI]  - (0.00) DefaultRuntimePlugin of DefaultRuntimePlugin [roughlyenoughitems]
[05:52:01] [Server thread/DEBUG] [REI] ========================================
[05:52:01] [Server thread/TRACE] [REI] [REICommonPlugin END] Reloading Section: "pre-register/"
[05:52:01] [Server thread/TRACE] [REI] [REICommonPlugin END] Reloading Section: "pre-register/DefaultPlugin of DefaultPlugin [roughlyenoughitems]/"
[05:52:01] [Server thread/TRACE] [REI] [REICommonPlugin END] Reloading Section: "pre-register/DefaultPlugin of DefaultPlugin [roughlyenoughitems]/" done in 183.9 μs
[05:52:01] [Server thread/TRACE] [REI] [REICommonPlugin END] Reloading Section: "pre-register/FabricFluidAPISupportPlugin/"
[05:52:01] [Server thread/TRACE] [REI] [REICommonPlugin END] Reloading Section: "pre-register/FabricFluidAPISupportPlugin/" done in 126.0 μs
[05:52:01] [Server thread/TRACE] [REI] [REICommonPlugin END] Reloading Section: "pre-register/DefaultRuntimePlugin of DefaultRuntimePlugin [roughlyenoughitems]/"
[05:52:01] [Server thread/TRACE] [REI] [REICommonPlugin END] Reloading Section: "pre-register/DefaultRuntimePlugin of DefaultRuntimePlugin [roughlyenoughitems]/" done in 190.6 μs
[05:52:01] [Server thread/TRACE] [REI] [REICommonPlugin END] Reloading Section: "pre-register/" done in 1.528 ms
[05:52:01] [Server thread/TRACE] [REI] [REICommonPlugin END] Reloading Section: "pre-stage/"
[05:52:01] [Server thread/TRACE] [REI] [REICommonPlugin END] Reloading Section: "pre-stage/SlotAccessorRegistryImpl/"
[05:52:01] [Server thread/TRACE] [REI] [REICommonPlugin END] Reloading Section: "pre-stage/SlotAccessorRegistryImpl/" done in 46.71 μs
[05:52:01] [Server thread/TRACE] [REI] [REICommonPlugin END] Reloading Section: "pre-stage/EntryTypeRegistryImpl/"
[05:52:01] [Server thread/TRACE] [REI] [REICommonPlugin END] Reloading Section: "pre-stage/EntryTypeRegistryImpl/" done in 154.2 μs
[05:52:01] [Server thread/TRACE] [REI] [REICommonPlugin END] Reloading Section: "pre-stage/EntrySettingsAdapterRegistryImpl/"
[05:52:01] [Server thread/TRACE] [REI] [REICommonPlugin END] Reloading Section: "pre-stage/EntrySettingsAdapterRegistryImpl/" done in 58.77 μs
[05:52:01] [Server thread/TRACE] [REI] [REICommonPlugin END] Reloading Section: "pre-stage/ItemComparatorRegistryImpl/"
[05:52:01] [Server thread/TRACE] [REI] [REICommonPlugin END] Reloading Section: "pre-stage/ItemComparatorRegistryImpl/" done in 149.2 μs
[05:52:01] [Server thread/TRACE] [REI] [REICommonPlugin END] Reloading Section: "pre-stage/FluidComparatorRegistryImpl/"
[05:52:01] [Server thread/TRACE] [REI] [REICommonPlugin END] Reloading Section: "pre-stage/FluidComparatorRegistryImpl/" done in 69.01 μs
[05:52:01] [Server thread/TRACE] [REI] [REICommonPlugin END] Reloading Section: "pre-stage/DisplaySerializerRegistryImpl/"
[05:52:01] [Server thread/TRACE] [REI] [REICommonPlugin END] Reloading Section: "pre-stage/DisplaySerializerRegistryImpl/" done in 77.73 μs
[05:52:01] [Server thread/TRACE] [REI] [REICommonPlugin END] Reloading Section: "pre-stage/ServerDisplayRegistryImpl/"
[05:52:01] [Server thread/TRACE] [REI] [REICommonPlugin END] Reloading Section: "pre-stage/ServerDisplayRegistryImpl/" done in 75.99 μs
[05:52:01] [Server thread/TRACE] [REI] [REICommonPlugin END] Reloading Section: "pre-stage/FluidSupportProviderImpl/"
[05:52:01] [Server thread/TRACE] [REI] [REICommonPlugin END] Reloading Section: "pre-stage/FluidSupportProviderImpl/" done in 60.59 μs
[05:52:01] [Server thread/TRACE] [REI] [REICommonPlugin END] Reloading Section: "pre-stage/" done in 2.481 ms
[05:52:01] [Server thread/DEBUG] [REI] ========================================
[05:52:01] [Server thread/DEBUG] [REI] REICommonPlugin finished pre-reload for END in 4.302 ms.
[05:52:01] [Server thread/DEBUG] [REI] ========================================
[05:52:01] [Server thread/INFO] [REI] %%%%%%%%%%%%%%%%%%%%%%%%%%%%%%%%%%%%%%%%
[05:52:01] [Server thread/INFO] [REI] REICommonPlugin starting main-reload for END.
[05:52:01] [Server thread/DEBUG] [REI] Reloadables (8):
[05:52:01] [Server thread/DEBUG] [REI]  - SlotAccessorRegistryImpl
[05:52:01] [Server thread/DEBUG] [REI]  - EntryTypeRegistryImpl
[05:52:01] [Server thread/DEBUG] [REI]  - EntrySettingsAdapterRegistryImpl
[05:52:01] [Server thread/DEBUG] [REI]  - ItemComparatorRegistryImpl
[05:52:01] [Server thread/DEBUG] [REI]  - FluidComparatorRegistryImpl
[05:52:01] [Server thread/DEBUG] [REI]  - DisplaySerializerRegistryImpl
[05:52:01] [Server thread/DEBUG] [REI]  - ServerDisplayRegistryImpl
[05:52:01] [Server thread/DEBUG] [REI]  - FluidSupportProviderImpl
[05:52:01] [Server thread/INFO] [REI] Plugins (3):
[05:52:01] [Server thread/INFO] [REI]  - (-100.00) DefaultPlugin of DefaultPlugin [roughlyenoughitems]
[05:52:01] [Server thread/INFO] [REI]  - (0.00) FabricFluidAPISupportPlugin
[05:52:01] [Server thread/INFO] [REI]  - (0.00) DefaultRuntimePlugin of DefaultRuntimePlugin [roughlyenoughitems]
[05:52:01] [Server thread/INFO] [REI] %%%%%%%%%%%%%%%%%%%%%%%%%%%%%%%%%%%%%%%%
[05:52:01] [Server thread/TRACE] [REI] [REICommonPlugin END] Reloading Section: "start-reload/"
[05:52:01] [Server thread/TRACE] [REI] [REICommonPlugin END] Reloading Section: "start-reload/SlotAccessorRegistryImpl/"
[05:52:01] [Server thread/TRACE] [REI] [REICommonPlugin END] Reloading Section: "start-reload/SlotAccessorRegistryImpl/" done in 48.51 μs
[05:52:01] [Server thread/TRACE] [REI] [REICommonPlugin END] Reloading Section: "start-reload/EntryTypeRegistryImpl/"
[05:52:01] [Server thread/TRACE] [REI] [REICommonPlugin END] Reloading Section: "start-reload/EntryTypeRegistryImpl/" done in 56.96 μs
[05:52:01] [Server thread/TRACE] [REI] [REICommonPlugin END] Reloading Section: "start-reload/EntrySettingsAdapterRegistryImpl/"
[05:52:01] [Server thread/TRACE] [REI] [REICommonPlugin END] Reloading Section: "start-reload/EntrySettingsAdapterRegistryImpl/" done in 54.04 μs
[05:52:01] [Server thread/TRACE] [REI] [REICommonPlugin END] Reloading Section: "start-reload/ItemComparatorRegistryImpl/"
[05:52:01] [Server thread/TRACE] [REI] [REICommonPlugin END] Reloading Section: "start-reload/ItemComparatorRegistryImpl/" done in 38.11 μs
[05:52:01] [Server thread/TRACE] [REI] [REICommonPlugin END] Reloading Section: "start-reload/FluidComparatorRegistryImpl/"
[05:52:01] [Server thread/TRACE] [REI] [REICommonPlugin END] Reloading Section: "start-reload/FluidComparatorRegistryImpl/" done in 34.66 μs
[05:52:01] [Server thread/TRACE] [REI] [REICommonPlugin END] Reloading Section: "start-reload/DisplaySerializerRegistryImpl/"
[05:52:01] [Server thread/TRACE] [REI] [REICommonPlugin END] Reloading Section: "start-reload/DisplaySerializerRegistryImpl/" done in 34.46 μs
[05:52:01] [Server thread/TRACE] [REI] [REICommonPlugin END] Reloading Section: "start-reload/ServerDisplayRegistryImpl/"
[05:52:01] [Server thread/TRACE] [REI] [REICommonPlugin END] Reloading Section: "start-reload/ServerDisplayRegistryImpl/" done in 130.0 μs
[05:52:01] [Server thread/TRACE] [REI] [REICommonPlugin END] Reloading Section: "start-reload/FluidSupportProviderImpl/"
[05:52:01] [Server thread/TRACE] [REI] [REICommonPlugin END] Reloading Section: "start-reload/FluidSupportProviderImpl/" done in 56.67 μs
[05:52:01] [Server thread/TRACE] [REI] [REICommonPlugin END] Reloading Section: "start-reload/" done in 1.249 ms
[05:52:01] [Server thread/DEBUG] [REI] ========================================
[05:52:01] [Server thread/DEBUG] [REI] REICommonPlugin started main-reload for END.
[05:52:01] [Server thread/DEBUG] [REI] ========================================
[05:52:01] [Server thread/TRACE] [REI] [REICommonPlugin END] Reloading Section: "reloadable-plugin/SlotAccessorRegistryImpl/"
[05:52:01] [Server thread/TRACE] [REI] [REICommonPlugin END] Reloading Section: "reloadable-plugin/SlotAccessorRegistryImpl/DefaultPlugin of DefaultPlugin [roughlyenoughitems]/"
[05:52:01] [Server thread/TRACE] [REI] [REICommonPlugin END] Reloading Section: "reloadable-plugin/SlotAccessorRegistryImpl/DefaultPlugin of DefaultPlugin [roughlyenoughitems]/" done in 69.34 μs
[05:52:01] [Server thread/TRACE] [REI] [REICommonPlugin END] Reloading Section: "reloadable-plugin/SlotAccessorRegistryImpl/FabricFluidAPISupportPlugin/"
[05:52:01] [Server thread/TRACE] [REI] [REICommonPlugin END] Reloading Section: "reloadable-plugin/SlotAccessorRegistryImpl/FabricFluidAPISupportPlugin/" done in 63.40 μs
[05:52:01] [Server thread/TRACE] [REI] [REICommonPlugin END] Reloading Section: "reloadable-plugin/SlotAccessorRegistryImpl/DefaultRuntimePlugin of DefaultRuntimePlugin [roughlyenoughitems]/"
[05:52:01] [Server thread/DEBUG] [REI] Added slot accessor serializer: me.shedaniel.rei.plugin.common.runtime.DefaultRuntimePlugin$1@1bd3f04 [roughlyenoughitems:vanilla]
[05:52:01] [Server thread/DEBUG] [REI] Added slot accessor serializer: me.shedaniel.rei.plugin.common.runtime.DefaultRuntimePlugin$2@58fcc972 [roughlyenoughitems:player]
[05:52:01] [Server thread/TRACE] [REI] [REICommonPlugin END] Reloading Section: "reloadable-plugin/SlotAccessorRegistryImpl/DefaultRuntimePlugin of DefaultRuntimePlugin [roughlyenoughitems]/" done in 1.679 ms
[05:52:01] [Server thread/TRACE] [REI] [REICommonPlugin END] Reloading Section: "reloadable-plugin/SlotAccessorRegistryImpl/" done in 2.223 ms
[05:52:01] [Server thread/TRACE] [REI] [REICommonPlugin END] Reloading Section: "reloadable-plugin/EntryTypeRegistryImpl/"
[05:52:01] [Server thread/TRACE] [REI] [REICommonPlugin END] Reloading Section: "reloadable-plugin/EntryTypeRegistryImpl/DefaultPlugin of DefaultPlugin [roughlyenoughitems]/"
[05:52:01] [Server thread/TRACE] [REI] [REICommonPlugin END] Reloading Section: "reloadable-plugin/EntryTypeRegistryImpl/DefaultPlugin of DefaultPlugin [roughlyenoughitems]/" done in 41.81 μs
[05:52:01] [Server thread/TRACE] [REI] [REICommonPlugin END] Reloading Section: "reloadable-plugin/EntryTypeRegistryImpl/FabricFluidAPISupportPlugin/"
[05:52:01] [Server thread/TRACE] [REI] [REICommonPlugin END] Reloading Section: "reloadable-plugin/EntryTypeRegistryImpl/FabricFluidAPISupportPlugin/" done in 39.30 μs
[05:52:01] [Server thread/TRACE] [REI] [REICommonPlugin END] Reloading Section: "reloadable-plugin/EntryTypeRegistryImpl/DefaultRuntimePlugin of DefaultRuntimePlugin [roughlyenoughitems]/"
[05:52:01] [Server thread/TRACE] [REI] [REICommonPlugin END] Reloading Section: "reloadable-plugin/EntryTypeRegistryImpl/DefaultRuntimePlugin of DefaultRuntimePlugin [roughlyenoughitems]/" done in 61.97 μs
[05:52:01] [Server thread/TRACE] [REI] [REICommonPlugin END] Reloading Section: "reloadable-plugin/EntryTypeRegistryImpl/" done in 403.5 μs
[05:52:01] [Server thread/TRACE] [REI] [REICommonPlugin END] Reloading Section: "reloadable-plugin/EntrySettingsAdapterRegistryImpl/"
[05:52:01] [Server thread/TRACE] [REI] [REICommonPlugin END] Reloading Section: "reloadable-plugin/EntrySettingsAdapterRegistryImpl/DefaultPlugin of DefaultPlugin [roughlyenoughitems]/"
[05:52:01] [Server thread/TRACE] [REI] [REICommonPlugin END] Reloading Section: "reloadable-plugin/EntrySettingsAdapterRegistryImpl/DefaultPlugin of DefaultPlugin [roughlyenoughitems]/" done in 40.27 μs
[05:52:01] [Server thread/TRACE] [REI] [REICommonPlugin END] Reloading Section: "reloadable-plugin/EntrySettingsAdapterRegistryImpl/FabricFluidAPISupportPlugin/"
[05:52:01] [Server thread/TRACE] [REI] [REICommonPlugin END] Reloading Section: "reloadable-plugin/EntrySettingsAdapterRegistryImpl/FabricFluidAPISupportPlugin/" done in 31.75 μs
[05:52:01] [Server thread/TRACE] [REI] [REICommonPlugin END] Reloading Section: "reloadable-plugin/EntrySettingsAdapterRegistryImpl/DefaultRuntimePlugin of DefaultRuntimePlugin [roughlyenoughitems]/"
[05:52:01] [Server thread/TRACE] [REI] [REICommonPlugin END] Reloading Section: "reloadable-plugin/EntrySettingsAdapterRegistryImpl/DefaultRuntimePlugin of DefaultRuntimePlugin [roughlyenoughitems]/" done in 25.69 μs
[05:52:01] [Server thread/TRACE] [REI] [REICommonPlugin END] Reloading Section: "reloadable-plugin/EntrySettingsAdapterRegistryImpl/" done in 307.5 μs
[05:52:01] [Server thread/TRACE] [REI] [REICommonPlugin END] Reloading Section: "reloadable-plugin/ItemComparatorRegistryImpl/"
[05:52:01] [Server thread/TRACE] [REI] [REICommonPlugin END] Reloading Section: "reloadable-plugin/ItemComparatorRegistryImpl/DefaultPlugin of DefaultPlugin [roughlyenoughitems]/"
[05:52:01] [Server thread/TRACE] [REI] [REICommonPlugin END] Reloading Section: "reloadable-plugin/ItemComparatorRegistryImpl/DefaultPlugin of DefaultPlugin [roughlyenoughitems]/" done in 30.74 μs
[05:52:01] [Server thread/TRACE] [REI] [REICommonPlugin END] Reloading Section: "reloadable-plugin/ItemComparatorRegistryImpl/FabricFluidAPISupportPlugin/"
[05:52:01] [Server thread/TRACE] [REI] [REICommonPlugin END] Reloading Section: "reloadable-plugin/ItemComparatorRegistryImpl/FabricFluidAPISupportPlugin/" done in 25.11 μs
[05:52:01] [Server thread/TRACE] [REI] [REICommonPlugin END] Reloading Section: "reloadable-plugin/ItemComparatorRegistryImpl/DefaultRuntimePlugin of DefaultRuntimePlugin [roughlyenoughitems]/"
[05:52:01] [Server thread/TRACE] [REI] [REICommonPlugin END] Reloading Section: "reloadable-plugin/ItemComparatorRegistryImpl/DefaultRuntimePlugin of DefaultRuntimePlugin [roughlyenoughitems]/" done in 24.85 μs
[05:52:01] [Server thread/TRACE] [REI] [REICommonPlugin END] Reloading Section: "reloadable-plugin/ItemComparatorRegistryImpl/" done in 250.3 μs
[05:52:01] [Server thread/TRACE] [REI] [REICommonPlugin END] Reloading Section: "reloadable-plugin/FluidComparatorRegistryImpl/"
[05:52:01] [Server thread/TRACE] [REI] [REICommonPlugin END] Reloading Section: "reloadable-plugin/FluidComparatorRegistryImpl/DefaultPlugin of DefaultPlugin [roughlyenoughitems]/"
[05:52:01] [Server thread/TRACE] [REI] [REICommonPlugin END] Reloading Section: "reloadable-plugin/FluidComparatorRegistryImpl/DefaultPlugin of DefaultPlugin [roughlyenoughitems]/" done in 24.85 μs
[05:52:01] [Server thread/TRACE] [REI] [REICommonPlugin END] Reloading Section: "reloadable-plugin/FluidComparatorRegistryImpl/FabricFluidAPISupportPlugin/"
[05:52:01] [Server thread/TRACE] [REI] [REICommonPlugin END] Reloading Section: "reloadable-plugin/FluidComparatorRegistryImpl/FabricFluidAPISupportPlugin/" done in 23.55 μs
[05:52:01] [Server thread/TRACE] [REI] [REICommonPlugin END] Reloading Section: "reloadable-plugin/FluidComparatorRegistryImpl/DefaultRuntimePlugin of DefaultRuntimePlugin [roughlyenoughitems]/"
[05:52:01] [Server thread/TRACE] [REI] [REICommonPlugin END] Reloading Section: "reloadable-plugin/FluidComparatorRegistryImpl/DefaultRuntimePlugin of DefaultRuntimePlugin [roughlyenoughitems]/" done in 23.89 μs
[05:52:01] [Server thread/TRACE] [REI] [REICommonPlugin END] Reloading Section: "reloadable-plugin/FluidComparatorRegistryImpl/" done in 245.3 μs
[05:52:01] [Server thread/TRACE] [REI] [REICommonPlugin END] Reloading Section: "reloadable-plugin/DisplaySerializerRegistryImpl/"
[05:52:01] [Server thread/TRACE] [REI] [REICommonPlugin END] Reloading Section: "reloadable-plugin/DisplaySerializerRegistryImpl/DefaultPlugin of DefaultPlugin [roughlyenoughitems]/"
[05:52:01] [Server thread/TRACE] [REI] [REICommonPlugin END] Reloading Section: "reloadable-plugin/DisplaySerializerRegistryImpl/DefaultPlugin of DefaultPlugin [roughlyenoughitems]/" done in 31.23 μs
[05:52:01] [Server thread/TRACE] [REI] [REICommonPlugin END] Reloading Section: "reloadable-plugin/DisplaySerializerRegistryImpl/FabricFluidAPISupportPlugin/"
[05:52:01] [Server thread/TRACE] [REI] [REICommonPlugin END] Reloading Section: "reloadable-plugin/DisplaySerializerRegistryImpl/FabricFluidAPISupportPlugin/" done in 33.02 μs
[05:52:01] [Server thread/TRACE] [REI] [REICommonPlugin END] Reloading Section: "reloadable-plugin/DisplaySerializerRegistryImpl/DefaultRuntimePlugin of DefaultRuntimePlugin [roughlyenoughitems]/"
[05:52:01] [Server thread/TRACE] [REI] [REICommonPlugin END] Reloading Section: "reloadable-plugin/DisplaySerializerRegistryImpl/DefaultRuntimePlugin of DefaultRuntimePlugin [roughlyenoughitems]/" done in 26.90 μs
[05:52:01] [Server thread/TRACE] [REI] [REICommonPlugin END] Reloading Section: "reloadable-plugin/DisplaySerializerRegistryImpl/" done in 298.2 μs
[05:52:01] [Server thread/TRACE] [REI] [REICommonPlugin END] Reloading Section: "reloadable-plugin/ServerDisplayRegistryImpl/"
[05:52:01] [Server thread/TRACE] [REI] [REICommonPlugin END] Reloading Section: "reloadable-plugin/ServerDisplayRegistryImpl/DefaultPlugin of DefaultPlugin [roughlyenoughitems]/"
[05:52:01] [Server thread/DEBUG] [REI] Added display filter: me.shedaniel.rei.api.common.registry.display.DisplayConsumer$RecipeManagerConsumer$RecipeFillerBuilder$$Lambda/0x000077f4a139f9d8@3aa29c3
[05:52:01] [Server thread/DEBUG] [REI] Added display filter: me.shedaniel.rei.api.common.registry.display.DisplayConsumer$RecipeManagerConsumer$RecipeFillerBuilder$$Lambda/0x000077f4a139f9d8@1ca99290
[05:52:01] [Server thread/DEBUG] [REI] Added display filter: me.shedaniel.rei.api.common.registry.display.DisplayConsumer$RecipeManagerConsumer$RecipeFillerBuilder$$Lambda/0x000077f4a139f9d8@2b8fe1cb
[05:52:01] [Server thread/DEBUG] [REI] Added display filter: me.shedaniel.rei.api.common.registry.display.DisplayConsumer$RecipeManagerConsumer$RecipeFillerBuilder$$Lambda/0x000077f4a139f9d8@538d2ea8
[05:52:01] [Server thread/DEBUG] [REI] Added display filter: me.shedaniel.rei.api.common.registry.display.DisplayConsumer$RecipeManagerConsumer$RecipeFillerBuilder$$Lambda/0x000077f4a139f9d8@3789aa95
[05:52:01] [Server thread/DEBUG] [REI] Added display filter: me.shedaniel.rei.api.common.registry.display.DisplayConsumer$RecipeManagerConsumer$RecipeFillerBuilder$$Lambda/0x000077f4a139f9d8@e22e759
[05:52:01] [Server thread/DEBUG] [REI] Added display filter: me.shedaniel.rei.api.common.registry.display.DisplayConsumer$RecipeManagerConsumer$RecipeFillerBuilder$$Lambda/0x000077f4a139f9d8@73aa7e59
[05:52:01] [Server thread/DEBUG] [REI] Added display filter: me.shedaniel.rei.api.common.registry.display.DisplayConsumer$RecipeManagerConsumer$RecipeFillerBuilder$$Lambda/0x000077f4a13a13c0@1952c8eb
[05:52:01] [Server thread/DEBUG] [REI] Added display filter: me.shedaniel.rei.api.common.registry.display.DisplayConsumer$RecipeManagerConsumer$RecipeFillerBuilder$$Lambda/0x000077f4a13a13c0@73c7e3c6
[05:52:01] [Server thread/DEBUG] [REI] Added display filter: me.shedaniel.rei.api.common.registry.display.DisplayConsumer$RecipeManagerConsumer$RecipeFillerBuilder$$Lambda/0x000077f4a13a13c0@93c7408
[05:52:01] [Server thread/DEBUG] [REI] Added display filter: me.shedaniel.rei.api.common.registry.display.DisplayConsumer$RecipeManagerConsumer$RecipeFillerBuilder$$Lambda/0x000077f4a13a13c0@61776f27
[05:52:01] [Server thread/DEBUG] [REI] Added display filter: me.shedaniel.rei.api.common.registry.display.DisplayConsumer$RecipeManagerConsumer$RecipeFillerBuilder$$Lambda/0x000077f4a13a13c0@6eedf672
[05:52:01] [Server thread/DEBUG] [REI] Added display filter: me.shedaniel.rei.api.common.registry.display.DisplayConsumer$RecipeManagerConsumer$RecipeFillerBuilder$$Lambda/0x000077f4a13a13c0@22f8f1ba
[05:52:01] [Server thread/DEBUG] [REI] Added display filter: me.shedaniel.rei.api.common.registry.display.DisplayConsumer$RecipeManagerConsumer$RecipeFillerBuilder$$Lambda/0x000077f4a13a13c0@480e4dd9
[05:52:01] [Server thread/DEBUG] [REI] Added display filter: me.shedaniel.rei.api.common.registry.display.DisplayConsumer$RecipeManagerConsumer$RecipeFillerBuilder$$Lambda/0x000077f4a13a13c0@125a0da8
[05:52:01] [Server thread/DEBUG] [REI] Added display filter: me.shedaniel.rei.api.common.registry.display.DisplayConsumer$RecipeManagerConsumer$RecipeFillerBuilder$$Lambda/0x000077f4a13a13c0@130527f7
[05:52:01] [Server thread/TRACE] [REI] [REICommonPlugin END] Reloading Section: "reloadable-plugin/ServerDisplayRegistryImpl/DefaultPlugin of DefaultPlugin [roughlyenoughitems]/" done in 4.205 ms
[05:52:01] [Server thread/TRACE] [REI] [REICommonPlugin END] Reloading Section: "reloadable-plugin/ServerDisplayRegistryImpl/FabricFluidAPISupportPlugin/"
[05:52:01] [Server thread/TRACE] [REI] [REICommonPlugin END] Reloading Section: "reloadable-plugin/ServerDisplayRegistryImpl/FabricFluidAPISupportPlugin/" done in 54.87 μs
[05:52:01] [Server thread/TRACE] [REI] [REICommonPlugin END] Reloading Section: "reloadable-plugin/ServerDisplayRegistryImpl/DefaultRuntimePlugin of DefaultRuntimePlugin [roughlyenoughitems]/"
[05:52:01] [Server thread/TRACE] [REI] [REICommonPlugin END] Reloading Section: "reloadable-plugin/ServerDisplayRegistryImpl/DefaultRuntimePlugin of DefaultRuntimePlugin [roughlyenoughitems]/" done in 47.73 μs
[05:52:01] [Server thread/TRACE] [REI] [REICommonPlugin END] Reloading Section: "reloadable-plugin/ServerDisplayRegistryImpl/" done in 4.596 ms
[05:52:01] [Server thread/TRACE] [REI] [REICommonPlugin END] Reloading Section: "reloadable-plugin/FluidSupportProviderImpl/"
[05:52:01] [Server thread/TRACE] [REI] [REICommonPlugin END] Reloading Section: "reloadable-plugin/FluidSupportProviderImpl/DefaultPlugin of DefaultPlugin [roughlyenoughitems]/"
[05:52:01] [Server thread/TRACE] [REI] [REICommonPlugin END] Reloading Section: "reloadable-plugin/FluidSupportProviderImpl/DefaultPlugin of DefaultPlugin [roughlyenoughitems]/" done in 44.75 μs
[05:52:01] [Server thread/TRACE] [REI] [REICommonPlugin END] Reloading Section: "reloadable-plugin/FluidSupportProviderImpl/FabricFluidAPISupportPlugin/"
[05:52:01] [Server thread/TRACE] [REI] [REICommonPlugin END] Reloading Section: "reloadable-plugin/FluidSupportProviderImpl/FabricFluidAPISupportPlugin/" done in 35.90 μs
[05:52:01] [Server thread/TRACE] [REI] [REICommonPlugin END] Reloading Section: "reloadable-plugin/FluidSupportProviderImpl/DefaultRuntimePlugin of DefaultRuntimePlugin [roughlyenoughitems]/"
[05:52:01] [Server thread/TRACE] [REI] [REICommonPlugin END] Reloading Section: "reloadable-plugin/FluidSupportProviderImpl/DefaultRuntimePlugin of DefaultRuntimePlugin [roughlyenoughitems]/" done in 39.11 μs
[05:52:01] [Server thread/TRACE] [REI] [REICommonPlugin END] Reloading Section: "reloadable-plugin/FluidSupportProviderImpl/" done in 357.2 μs
[05:52:01] [Server thread/DEBUG] [REI] ========================================
[05:52:01] [Server thread/DEBUG] [REI] REICommonPlugin ending main-reload for END.
[05:52:01] [Server thread/DEBUG] [REI] ========================================
[05:52:01] [Server thread/TRACE] [REI] [REICommonPlugin END] Reloading Section: "end-reload/"
[05:52:01] [Server thread/TRACE] [REI] [REICommonPlugin END] Reloading Section: "end-reload/SlotAccessorRegistryImpl/"
[05:52:01] [Server thread/DEBUG] [REI] Registered 2 slot accessor serializers
[05:52:01] [Server thread/TRACE] [REI] [REICommonPlugin END] Reloading Section: "end-reload/SlotAccessorRegistryImpl/" done in 86.10 μs
[05:52:01] [Server thread/TRACE] [REI] [REICommonPlugin END] Reloading Section: "end-reload/EntryTypeRegistryImpl/"
[05:52:01] [Server thread/TRACE] [REI] [REICommonPlugin END] Reloading Section: "end-reload/EntryTypeRegistryImpl/" done in 29.00 μs
[05:52:01] [Server thread/TRACE] [REI] [REICommonPlugin END] Reloading Section: "end-reload/EntrySettingsAdapterRegistryImpl/"
[05:52:01] [Server thread/TRACE] [REI] [REICommonPlugin END] Reloading Section: "end-reload/EntrySettingsAdapterRegistryImpl/" done in 27.52 μs
[05:52:01] [Server thread/TRACE] [REI] [REICommonPlugin END] Reloading Section: "end-reload/ItemComparatorRegistryImpl/"
[05:52:01] [Server thread/TRACE] [REI] [REICommonPlugin END] Reloading Section: "end-reload/ItemComparatorRegistryImpl/" done in 34.87 μs
[05:52:01] [Server thread/TRACE] [REI] [REICommonPlugin END] Reloading Section: "end-reload/FluidComparatorRegistryImpl/"
[05:52:01] [Server thread/TRACE] [REI] [REICommonPlugin END] Reloading Section: "end-reload/FluidComparatorRegistryImpl/" done in 29.82 μs
[05:52:01] [Server thread/TRACE] [REI] [REICommonPlugin END] Reloading Section: "end-reload/DisplaySerializerRegistryImpl/"
[05:52:01] [Server thread/TRACE] [REI] [REICommonPlugin END] Reloading Section: "end-reload/DisplaySerializerRegistryImpl/" done in 28.05 μs
[05:52:01] [Server thread/TRACE] [REI] [REICommonPlugin END] Reloading Section: "end-reload/ServerDisplayRegistryImpl/"
[05:52:01] [Server thread/DEBUG] [REI] Found preliminary 0 displays
[05:52:01] [Server thread/DEBUG] [REI] Filled 2955 displays from recipe manager in 98.69 ms
[05:52:01] [Server thread/TRACE] [REI] [REICommonPlugin END] Reloading Section: "end-reload/ServerDisplayRegistryImpl/" done in 99.28 ms
[05:52:01] [Server thread/TRACE] [REI] [REICommonPlugin END] Reloading Section: "end-reload/FluidSupportProviderImpl/"
[05:52:01] [Server thread/TRACE] [REI] [REICommonPlugin END] Reloading Section: "end-reload/FluidSupportProviderImpl/" done in 221.4 μs
[05:52:01] [Server thread/TRACE] [REI] [REICommonPlugin END] Reloading Section: "end-reload/" done in 100.7 ms
[05:52:01] [Server thread/DEBUG] [REI] ========================================
[05:52:01] [Server thread/DEBUG] [REI] REICommonPlugin ended main-reload for END in 115.3 ms.
[05:52:01] [Server thread/DEBUG] [REI] ========================================
[05:52:01] [Server thread/DEBUG] [REI] ========================================
[05:52:01] [Server thread/DEBUG] [REI] REICommonPlugin starting post-reload for END.
[05:52:01] [Server thread/DEBUG] [REI] Reloadables (8):
[05:52:01] [Server thread/DEBUG] [REI]  - SlotAccessorRegistryImpl
[05:52:01] [Server thread/DEBUG] [REI]  - EntryTypeRegistryImpl
[05:52:01] [Server thread/DEBUG] [REI]  - EntrySettingsAdapterRegistryImpl
[05:52:01] [Server thread/DEBUG] [REI]  - ItemComparatorRegistryImpl
[05:52:01] [Server thread/DEBUG] [REI]  - FluidComparatorRegistryImpl
[05:52:01] [Server thread/DEBUG] [REI]  - DisplaySerializerRegistryImpl
[05:52:01] [Server thread/DEBUG] [REI]  - ServerDisplayRegistryImpl
[05:52:01] [Server thread/DEBUG] [REI]  - FluidSupportProviderImpl
[05:52:01] [Server thread/DEBUG] [REI] Plugins (3):
[05:52:01] [Server thread/DEBUG] [REI]  - (-100.00) DefaultPlugin of DefaultPlugin [roughlyenoughitems]
[05:52:01] [Server thread/DEBUG] [REI]  - (0.00) FabricFluidAPISupportPlugin
[05:52:01] [Server thread/DEBUG] [REI]  - (0.00) DefaultRuntimePlugin of DefaultRuntimePlugin [roughlyenoughitems]
[05:52:01] [Server thread/DEBUG] [REI] ========================================
[05:52:01] [Server thread/TRACE] [REI] [REICommonPlugin END] Reloading Section: "post-register/"
[05:52:01] [Server thread/TRACE] [REI] [REICommonPlugin END] Reloading Section: "post-register/DefaultPlugin of DefaultPlugin [roughlyenoughitems]/"
[05:52:01] [Server thread/TRACE] [REI] [REICommonPlugin END] Reloading Section: "post-register/DefaultPlugin of DefaultPlugin [roughlyenoughitems]/" done in 33.15 μs
[05:52:01] [Server thread/TRACE] [REI] [REICommonPlugin END] Reloading Section: "post-register/FabricFluidAPISupportPlugin/"
[05:52:01] [Server thread/TRACE] [REI] [REICommonPlugin END] Reloading Section: "post-register/FabricFluidAPISupportPlugin/" done in 38.52 μs
[05:52:01] [Server thread/TRACE] [REI] [REICommonPlugin END] Reloading Section: "post-register/DefaultRuntimePlugin of DefaultRuntimePlugin [roughlyenoughitems]/"
[05:52:01] [Server thread/TRACE] [REI] [REICommonPlugin END] Reloading Section: "post-register/DefaultRuntimePlugin of DefaultRuntimePlugin [roughlyenoughitems]/" done in 26.25 μs
[05:52:01] [Server thread/TRACE] [REI] [REICommonPlugin END] Reloading Section: "post-register/" done in 323.4 μs
[05:52:01] [Server thread/TRACE] [REI] [REICommonPlugin END] Reloading Section: "post-stage/"
[05:52:01] [Server thread/TRACE] [REI] [REICommonPlugin END] Reloading Section: "post-stage/SlotAccessorRegistryImpl/"
[05:52:01] [Server thread/TRACE] [REI] [REICommonPlugin END] Reloading Section: "post-stage/SlotAccessorRegistryImpl/" done in 20.49 μs
[05:52:01] [Server thread/TRACE] [REI] [REICommonPlugin END] Reloading Section: "post-stage/EntryTypeRegistryImpl/"
[05:52:01] [Server thread/TRACE] [REI] [REICommonPlugin END] Reloading Section: "post-stage/EntryTypeRegistryImpl/" done in 21.28 μs
[05:52:01] [Server thread/TRACE] [REI] [REICommonPlugin END] Reloading Section: "post-stage/EntrySettingsAdapterRegistryImpl/"
[05:52:01] [Server thread/TRACE] [REI] [REICommonPlugin END] Reloading Section: "post-stage/EntrySettingsAdapterRegistryImpl/" done in 19.60 μs
[05:52:01] [Server thread/TRACE] [REI] [REICommonPlugin END] Reloading Section: "post-stage/ItemComparatorRegistryImpl/"
[05:52:01] [Server thread/TRACE] [REI] [REICommonPlugin END] Reloading Section: "post-stage/ItemComparatorRegistryImpl/" done in 24.55 μs
[05:52:01] [Server thread/TRACE] [REI] [REICommonPlugin END] Reloading Section: "post-stage/FluidComparatorRegistryImpl/"
[05:52:01] [Server thread/TRACE] [REI] [REICommonPlugin END] Reloading Section: "post-stage/FluidComparatorRegistryImpl/" done in 20.44 μs
[05:52:01] [Server thread/TRACE] [REI] [REICommonPlugin END] Reloading Section: "post-stage/DisplaySerializerRegistryImpl/"
[05:52:01] [Server thread/TRACE] [REI] [REICommonPlugin END] Reloading Section: "post-stage/DisplaySerializerRegistryImpl/" done in 17.90 μs
[05:52:01] [Server thread/TRACE] [REI] [REICommonPlugin END] Reloading Section: "post-stage/ServerDisplayRegistryImpl/"
[05:52:01] [Server thread/TRACE] [REI] [REICommonPlugin END] Reloading Section: "post-stage/ServerDisplayRegistryImpl/" done in 19.01 μs
[05:52:01] [Server thread/TRACE] [REI] [REICommonPlugin END] Reloading Section: "post-stage/FluidSupportProviderImpl/"
[05:52:01] [Server thread/TRACE] [REI] [REICommonPlugin END] Reloading Section: "post-stage/FluidSupportProviderImpl/" done in 19.12 μs
[05:52:01] [Server thread/TRACE] [REI] [REICommonPlugin END] Reloading Section: "post-stage/" done in 524.2 μs
[05:52:01] [Server thread/DEBUG] [REI] ========================================
[05:52:01] [Server thread/INFO] [REI] REICommonPlugin finished post-reload for END in 931.1 μs, totaling 120.3 ms.
[05:52:01] [Server thread/DEBUG] [REI] ========================================
[05:52:03] [Server thread/DEBUG] [REI] Updating players with new displays version C04B8B9B00000001 [from C04B8B9B00000000]
[05:52:11] [Server thread/DEBUG] [REI] Player xXTHEONEXx has outdated displays version 0 [latest version: C04B8B9B00000001]
[05:52:11] [Server thread/DEBUG] [REI] Player xXTHEONEXx has outdated displays version 0 [latest version: C04B8B9B00000001], sending reset packet request.
